<?xml version="1.0" encoding="UTF-8"?>
<testng-results skipped="0" failed="0" total="1" passed="1">
  <reporter-output>
  </reporter-output>
  <suite name="Suite" duration-ms="75424" started-at="2016-06-14T16:30:47Z" finished-at="2016-06-14T16:32:03Z">
    <groups>
    </groups>
    <test name="Test" duration-ms="75424" started-at="2016-06-14T16:30:47Z" finished-at="2016-06-14T16:32:03Z">
      <class name="com.magento.Day4Test">
        <test-method status="PASS" signature="setUp()[pri:0, instance:com.magento.Day4Test@edf4efb]" name="setUp" is-config="true" duration-ms="39291" started-at="2016-06-14T22:00:47Z" finished-at="2016-06-14T22:01:26Z">
          <reporter-output>
          </reporter-output>
        </test-method> <!-- setUp -->
        <test-method status="PASS" signature="TestDay4Test()[pri:0, instance:com.magento.Day4Test@edf4efb]" name="TestDay4Test" duration-ms="35701" started-at="2016-06-14T22:01:26Z" finished-at="2016-06-14T22:02:02Z">
          <reporter-output>
          </reporter-output>
        </test-method> <!-- TestDay4Test -->
        <test-method status="PASS" signature="TearDown()[pri:0, instance:com.magento.Day4Test@edf4efb]" name="TearDown" is-config="true" duration-ms="424" started-at="2016-06-14T22:02:02Z" finished-at="2016-06-14T22:02:03Z">
          <reporter-output>
          </reporter-output>
        </test-method> <!-- TearDown -->
      </class> <!-- com.magento.Day4Test -->
    </test> <!-- Test -->
  </suite> <!-- Suite -->
</testng-results>
